<?xml version="1.0" encoding="UTF-8"?>
<testng-results ignored="0" total="1" passed="1" failed="0" skipped="0">
  <reporter-output>
  </reporter-output>
  <suite started-at="2024-09-26T16:25:51 IST" name="Default suite" finished-at="2024-09-26T16:26:13 IST" duration-ms="22031">
    <groups>
    </groups>
    <test started-at="2024-09-26T16:25:51 IST" name="Default test" finished-at="2024-09-26T16:26:13 IST" duration-ms="22031">
      <class name="testscripts.ClassCatalogue_MapCompareBranch">
        <test-method is-config="true" signature="beforeMethod()[pri:0, instance:testscripts.ClassCatalogue_MapCompareBranch@3c41ed1d]" started-at="2024-09-26T16:25:51 IST" name="beforeMethod" finished-at="2024-09-26T16:25:58 IST" duration-ms="6948" status="PASS">
          <reporter-output>
          </reporter-output>
        </test-method> <!-- beforeMethod -->
        <test-method signature="enterCrendentials()[pri:0, instance:testscripts.ClassCatalogue_MapCompareBranch@3c41ed1d]" started-at="2024-09-26T16:25:58 IST" name="enterCrendentials" finished-at="2024-09-26T16:26:13 IST" duration-ms="14997" status="PASS">
          <reporter-output>
          </reporter-output>
        </test-method> <!-- enterCrendentials -->
        <test-method is-config="true" signature="afterMethod()[pri:0, instance:testscripts.ClassCatalogue_MapCompareBranch@3c41ed1d]" started-at="2024-09-26T16:26:13 IST" name="afterMethod" finished-at="2024-09-26T16:26:13 IST" duration-ms="2" status="PASS">
          <reporter-output>
          </reporter-output>
        </test-method> <!-- afterMethod -->
      </class> <!-- testscripts.ClassCatalogue_MapCompareBranch -->
    </test> <!-- Default test -->
  </suite> <!-- Default suite -->
</testng-results>
